# JRE version: Java(TM) SE Runtime Environment 18.9 (11.0.20+9) (build 11.0.20+9-LTS-256)
# Java VM: Java HotSpot(TM) 64-Bit Server VM 18.9 (11.0.20+9-LTS-256, mixed mode, tiered, compressed oops, g1 gc, windows-amd64)
Heap:
 garbage-first heap   total 253952K, used 19080K [0x0000000709400000, 0x0000000800000000)
  region size 1024K, 13 young (13312K), 7 survivors (7168K)
 Metaspace       used 33696K, capacity 34595K, committed 34816K, reserved 1087488K
  class space    used 4160K, capacity 4567K, committed 4608K, reserved 1048576K
GC Heap History (10 events):
Event: 0.840 GC heap before
{Heap before GC invocations=0 (full 0):
 garbage-first heap   total 253952K, used 24576K [0x0000000709400000, 0x0000000800000000)
  region size 1024K, 24 young (24576K), 0 survivors (0K)
 Metaspace       used 14219K, capacity 14565K, committed 14720K, reserved 1062912K
  class space    used 1464K, capacity 1601K, committed 1664K, reserved 1048576K
}
Event: 0.846 GC heap after
{Heap after GC invocations=1 (full 0):
 garbage-first heap   total 253952K, used 7211K [0x0000000709400000, 0x0000000800000000)
  region size 1024K, 3 young (3072K), 3 survivors (3072K)
 Metaspace       used 14219K, capacity 14565K, committed 14720K, reserved 1062912K
  class space    used 1464K, capacity 1601K, committed 1664K, reserved 1048576K
}
Event: 1.032 GC heap before
{Heap before GC invocations=1 (full 0):
 garbage-first heap   total 253952K, used 29739K [0x0000000709400000, 0x0000000800000000)
  region size 1024K, 25 young (25600K), 3 survivors (3072K)
 Metaspace       used 16709K, capacity 17100K, committed 17280K, reserved 1064960K
  class space    used 1754K, capacity 1895K, committed 1920K, reserved 1048576K
}
Event: 1.036 GC heap after
{Heap after GC invocations=2 (full 0):
 garbage-first heap   total 253952K, used 8501K [0x0000000709400000, 0x0000000800000000)
  region size 1024K, 2 young (2048K), 2 survivors (2048K)
 Metaspace       used 16709K, capacity 17100K, committed 17280K, reserved 1064960K
  class space    used 1754K, capacity 1895K, committed 1920K, reserved 1048576K
}
Event: 1.489 GC heap before
{Heap before GC invocations=2 (full 0):
 garbage-first heap   total 253952K, used 59701K [0x0000000709400000, 0x0000000800000000)
  region size 1024K, 54 young (55296K), 2 survivors (2048K)
 Metaspace       used 20507K, capacity 21080K, committed 21248K, reserved 1069056K
  class space    used 2332K, capacity 2555K, committed 2560K, reserved 1048576K
}
Event: 1.493 GC heap after
{Heap after GC invocations=3 (full 0):
 garbage-first heap   total 253952K, used 9704K [0x0000000709400000, 0x0000000800000000)
  region size 1024K, 3 young (3072K), 3 survivors (3072K)
 Metaspace       used 20507K, capacity 21080K, committed 21248K, reserved 1069056K
  class space    used 2332K, capacity 2555K, committed 2560K, reserved 1048576K
}
Event: 1.983 GC heap before
{Heap before GC invocations=4 (full 0):
 garbage-first heap   total 253952K, used 158184K [0x0000000709400000, 0x0000000800000000)
  region size 1024K, 148 young (151552K), 3 survivors (3072K)
 Metaspace       used 30460K, capacity 31224K, committed 31488K, reserved 1077248K
  class space    used 3688K, capacity 4020K, committed 4096K, reserved 1048576K
}
Event: 1.988 GC heap after
{Heap after GC invocations=5 (full 0):
 garbage-first heap   total 253952K, used 12651K [0x0000000709400000, 0x0000000800000000)
  region size 1024K, 6 young (6144K), 6 survivors (6144K)
 Metaspace       used 30460K, capacity 31224K, committed 31488K, reserved 1077248K
  class space    used 3688K, capacity 4020K, committed 4096K, reserved 1048576K
}
Event: 2.415 GC heap before
{Heap before GC invocations=5 (full 0):
 garbage-first heap   total 253952K, used 95595K [0x0000000709400000, 0x0000000800000000)
  region size 1024K, 88 young (90112K), 6 survivors (6144K)
 Metaspace       used 33552K, capacity 34429K, committed 34560K, reserved 1085440K
  class space    used 4147K, capacity 4534K, committed 4608K, reserved 1048576K
}
Event: 2.422 GC heap after
{Heap after GC invocations=6 (full 0):
 garbage-first heap   total 253952K, used 13960K [0x0000000709400000, 0x0000000800000000)
  region size 1024K, 7 young (7168K), 7 survivors (7168K)
 Metaspace       used 33552K, capacity 34429K, committed 34560K, reserved 1085440K
  class space    used 4147K, capacity 4534K, committed 4608K, reserved 1048576K
}

